Using pre-set license
Built from '2020.3/staging' branch; Version is '2020.3.19f1 (68f137dc9bbe) revision 6877495'; Using compiler version '192528614'; Build Type 'Release'
OS: 'Windows 10 Home; OS build 19044.1889; Version 2009; 64bit' Language: 'pl' Physical Memory: 8103 MB
BatchMode: 1, IsHumanControllingUs: 0, StartBugReporterOnCrash: 0, Is64bit: 1, IsPro: 0

COMMAND LINE ARGUMENTS:
C:\Program Files\Unity\Hub\Editor\2020.3.19f1\Editor\Unity.exe
-adb2
-batchMode
-noUpm
-name
AssetImportWorker0
-projectPath
C:/Users/martwy/Documents/Unityrepositories/calm-candy/calm candy
-logFile
Logs/AssetImportWorker0.log
-srvPort
54986
Successfully changed project path to: C:/Users/martwy/Documents/Unityrepositories/calm-candy/calm candy
C:/Users/martwy/Documents/Unityrepositories/calm-candy/calm candy
Using Asset Import Pipeline V2.
Refreshing native plugins compatible for Editor in 45.84 ms, found 2 plugins.
Preloading 0 native plugins for Editor in 0.00 ms.
Initialize engine version: 2020.3.19f1 (68f137dc9bbe)
[Subsystems] Discovering subsystems at path C:/Program Files/Unity/Hub/Editor/2020.3.19f1/Editor/Data/Resources/UnitySubsystems
[Subsystems] Discovering subsystems at path C:/Users/martwy/Documents/Unityrepositories/calm-candy/calm candy/Assets
GfxDevice: creating device client; threaded=0
Direct3D:
    Version:  Direct3D 11.0 [level 11.0]
    Renderer: NVIDIA GeForce GTX 950M (ID=0x139a)
    Vendor:   
    VRAM:     2019 MB
    Driver:   22.21.13.8205
Initialize mono
Mono path[0] = 'C:/Program Files/Unity/Hub/Editor/2020.3.19f1/Editor/Data/Managed'
Mono path[1] = 'C:/Program Files/Unity/Hub/Editor/2020.3.19f1/Editor/Data/MonoBleedingEdge/lib/mono/unityjit'
Mono config path = 'C:/Program Files/Unity/Hub/Editor/2020.3.19f1/Editor/Data/MonoBleedingEdge/etc'
Using monoOptions --debugger-agent=transport=dt_socket,embedding=1,server=y,suspend=n,address=127.0.0.1:56652
Begin MonoManager ReloadAssembly
Registering precompiled unity dll's ...
Register platform support module: C:/Program Files/Unity/Hub/Editor/2020.3.19f1/Editor/Data/PlaybackEngines/WindowsStandaloneSupport/UnityEditor.WindowsStandalone.Extensions.dll
Registered in 0.004713 seconds.
Native extension for WindowsStandalone target not found
Refreshing native plugins compatible for Editor in 38.03 ms, found 2 plugins.
Preloading 0 native plugins for Editor in 0.00 ms.
Mono: successfully reloaded assembly
- Completed reload, in  4.824 seconds
Domain Reload Profiling:
	ReloadAssembly (4824ms)
		BeginReloadAssembly (169ms)
			ExecutionOrderSort (0ms)
			DisableScriptedObjects (0ms)
			BackupInstance (0ms)
			ReleaseScriptingObjects (0ms)
			CreateAndSetChildDomain (2ms)
		EndReloadAssembly (707ms)
			LoadAssemblies (101ms)
			RebuildTransferFunctionScriptingTraits (0ms)
			SetupTypeCache (324ms)
			ReleaseScriptCaches (0ms)
			RebuildScriptCaches (40ms)
			SetupLoadedEditorAssemblies (237ms)
				LogAssemblyErrors (0ms)
				InitializePlatformSupportModulesInManaged (5ms)
				SetLoadedEditorAssemblies (0ms)
				RefreshPlugins (38ms)
				BeforeProcessingInitializeOnLoad (17ms)
				ProcessInitializeOnLoadAttributes (133ms)
				ProcessInitializeOnLoadMethodAttributes (44ms)
				AfterProcessingInitializeOnLoad (0ms)
				EditorAssembliesLoaded (0ms)
			ExecutionOrderSort2 (0ms)
			AwakeInstancesAfterBackupRestoration (0ms)
Platform modules already initialized, skipping
Registering precompiled user dll's ...
Registered in 0.009657 seconds.
Begin MonoManager ReloadAssembly
Native extension for WindowsStandalone target not found
Refreshing native plugins compatible for Editor in 0.35 ms, found 2 plugins.
Preloading 0 native plugins for Editor in 0.00 ms.
Mono: successfully reloaded assembly
- Completed reload, in  1.404 seconds
Domain Reload Profiling:
	ReloadAssembly (1405ms)
		BeginReloadAssembly (216ms)
			ExecutionOrderSort (0ms)
			DisableScriptedObjects (6ms)
			BackupInstance (0ms)
			ReleaseScriptingObjects (0ms)
			CreateAndSetChildDomain (24ms)
		EndReloadAssembly (1090ms)
			LoadAssemblies (136ms)
			RebuildTransferFunctionScriptingTraits (0ms)
			SetupTypeCache (371ms)
			ReleaseScriptCaches (0ms)
			RebuildScriptCaches (51ms)
			SetupLoadedEditorAssemblies (411ms)
				LogAssemblyErrors (0ms)
				InitializePlatformSupportModulesInManaged (6ms)
				SetLoadedEditorAssemblies (1ms)
				RefreshPlugins (0ms)
				BeforeProcessingInitializeOnLoad (121ms)
				ProcessInitializeOnLoadAttributes (257ms)
				ProcessInitializeOnLoadMethodAttributes (7ms)
				AfterProcessingInitializeOnLoad (18ms)
				EditorAssembliesLoaded (0ms)
			ExecutionOrderSort2 (0ms)
			AwakeInstancesAfterBackupRestoration (8ms)
Platform modules already initialized, skipping
========================================================================
Worker process is ready to serve import requests
Launched and connected shader compiler UnityShaderCompiler.exe after 0.09 seconds
Refreshing native plugins compatible for Editor in 0.37 ms, found 2 plugins.
Preloading 0 native plugins for Editor in 0.00 ms.
Unloading 1412 Unused Serialized files (Serialized files now loaded: 0)
System memory in use before: 67.2 MB.
System memory in use after: 67.3 MB.

Unloading 16 unused Assets to reduce memory usage. Loaded Objects now: 1847.
Total: 3.838500 ms (FindLiveObjects: 0.233000 ms CreateObjectMapping: 0.074300 ms MarkObjects: 3.438600 ms  DeleteObjects: 0.089800 ms)

AssetImportParameters requested are different than current active one (requested -> active):
  custom:framework-win-MediaFoundation: 216162199b28c13a410421893ffa2e32 -> 
  custom:video-decoder-ogg-theora: a1e56fd34408186e4bbccfd4996cb3dc -> 
  custom:container-muxer-webm: aa71ff27fc2769a1b78a27578f13a17b -> 
  custom:container-demuxer-webm: 4f35f7cbe854078d1ac9338744f61a02 -> 
  custom:container-demuxer-ogg: 62fdf1f143b41e24485cea50d1cbac27 -> 
  custom:video-encoder-webm-vp8: eb34c28f22e8b96e1ab97ce403110664 -> 
  custom:video-codec-MediaFoundation-h265: 746d11721c4dcdbdad8f713fa42b33f4 -> 
  custom:video-decoder-webm-vp8: 9c59270c3fd7afecdb556c50c9e8de78 -> 
  custom:audio-decoder-ogg-vorbis: bf7c407c2cedff20999df2af8eb42d56 -> 
  custom:audio-encoder-webm-vorbis: bf7c407c2cedff20999df2af8eb42d56 -> 
========================================================================
Received Import Request.
  path: Assets/Scripts/BackgroundTile.cs
  artifactKey: Guid(51095d6a5df470642ad8d643e9225e5d) Importer(815301076,1909f56bfc062723c751e8b465ee728b)
Start importing Assets/Scripts/BackgroundTile.cs using Guid(51095d6a5df470642ad8d643e9225e5d) Importer(815301076,1909f56bfc062723c751e8b465ee728b)  -> (artifact id: '05b3998194ce5bfcb40687280cdb9cb7') in 0.071443 seconds 
  Import took 0.075837 seconds .

========================================================================
Received Prepare
Registering precompiled user dll's ...
Registered in 0.008729 seconds.
Begin MonoManager ReloadAssembly
Native extension for WindowsStandalone target not found
Refreshing native plugins compatible for Editor in 1.25 ms, found 2 plugins.
Preloading 0 native plugins for Editor in 0.00 ms.
Mono: successfully reloaded assembly
- Completed reload, in  2.222 seconds
Domain Reload Profiling:
	ReloadAssembly (2222ms)
		BeginReloadAssembly (241ms)
			ExecutionOrderSort (0ms)
			DisableScriptedObjects (7ms)
			BackupInstance (0ms)
			ReleaseScriptingObjects (0ms)
			CreateAndSetChildDomain (105ms)
		EndReloadAssembly (1767ms)
			LoadAssemblies (194ms)
			RebuildTransferFunctionScriptingTraits (0ms)
			SetupTypeCache (445ms)
			ReleaseScriptCaches (2ms)
			RebuildScriptCaches (138ms)
			SetupLoadedEditorAssemblies (772ms)
				LogAssemblyErrors (0ms)
				InitializePlatformSupportModulesInManaged (12ms)
				SetLoadedEditorAssemblies (1ms)
				RefreshPlugins (1ms)
				BeforeProcessingInitializeOnLoad (156ms)
				ProcessInitializeOnLoadAttributes (576ms)
				ProcessInitializeOnLoadMethodAttributes (5ms)
				AfterProcessingInitializeOnLoad (21ms)
				EditorAssembliesLoaded (1ms)
			ExecutionOrderSort2 (0ms)
			AwakeInstancesAfterBackupRestoration (11ms)
Platform modules already initialized, skipping
Refreshing native plugins compatible for Editor in 0.41 ms, found 2 plugins.
Preloading 0 native plugins for Editor in 0.00 ms.
Unloading 1393 Unused Serialized files (Serialized files now loaded: 0)
System memory in use before: 65.7 MB.
System memory in use after: 65.8 MB.

Unloading 11 unused Assets to reduce memory usage. Loaded Objects now: 1849.
Total: 3.959600 ms (FindLiveObjects: 0.176300 ms CreateObjectMapping: 0.058800 ms MarkObjects: 3.688400 ms  DeleteObjects: 0.034400 ms)

AssetImportParameters requested are different than current active one (requested -> active):
  custom:framework-win-MediaFoundation: 216162199b28c13a410421893ffa2e32 -> 
  custom:video-decoder-ogg-theora: a1e56fd34408186e4bbccfd4996cb3dc -> 
  custom:container-muxer-webm: aa71ff27fc2769a1b78a27578f13a17b -> 
  custom:container-demuxer-webm: 4f35f7cbe854078d1ac9338744f61a02 -> 
  custom:container-demuxer-ogg: 62fdf1f143b41e24485cea50d1cbac27 -> 
  custom:video-encoder-webm-vp8: eb34c28f22e8b96e1ab97ce403110664 -> 
  custom:video-codec-MediaFoundation-h265: 746d11721c4dcdbdad8f713fa42b33f4 -> 
  custom:video-decoder-webm-vp8: 9c59270c3fd7afecdb556c50c9e8de78 -> 
  custom:audio-decoder-ogg-vorbis: bf7c407c2cedff20999df2af8eb42d56 -> 
  custom:audio-encoder-webm-vorbis: bf7c407c2cedff20999df2af8eb42d56 -> 
========================================================================
Received Prepare
Registering precompiled user dll's ...
Registered in 0.049886 seconds.
Begin MonoManager ReloadAssembly
Native extension for WindowsStandalone target not found
Refreshing native plugins compatible for Editor in 0.34 ms, found 2 plugins.
Preloading 0 native plugins for Editor in 0.00 ms.
Mono: successfully reloaded assembly
- Completed reload, in  1.406 seconds
Domain Reload Profiling:
	ReloadAssembly (1407ms)
		BeginReloadAssembly (164ms)
			ExecutionOrderSort (0ms)
			DisableScriptedObjects (5ms)
			BackupInstance (0ms)
			ReleaseScriptingObjects (0ms)
			CreateAndSetChildDomain (46ms)
		EndReloadAssembly (1137ms)
			LoadAssemblies (128ms)
			RebuildTransferFunctionScriptingTraits (0ms)
			SetupTypeCache (351ms)
			ReleaseScriptCaches (1ms)
			RebuildScriptCaches (65ms)
			SetupLoadedEditorAssemblies (432ms)
				LogAssemblyErrors (0ms)
				InitializePlatformSupportModulesInManaged (9ms)
				SetLoadedEditorAssemblies (1ms)
				RefreshPlugins (0ms)
				BeforeProcessingInitializeOnLoad (131ms)
				ProcessInitializeOnLoadAttributes (260ms)
				ProcessInitializeOnLoadMethodAttributes (6ms)
				AfterProcessingInitializeOnLoad (24ms)
				EditorAssembliesLoaded (0ms)
			ExecutionOrderSort2 (0ms)
			AwakeInstancesAfterBackupRestoration (9ms)
Platform modules already initialized, skipping
Refreshing native plugins compatible for Editor in 0.39 ms, found 2 plugins.
Preloading 0 native plugins for Editor in 0.00 ms.
Unloading 1393 Unused Serialized files (Serialized files now loaded: 0)
System memory in use before: 65.8 MB.
System memory in use after: 65.9 MB.

Unloading 11 unused Assets to reduce memory usage. Loaded Objects now: 1851.
Total: 3.895100 ms (FindLiveObjects: 0.153700 ms CreateObjectMapping: 0.050800 ms MarkObjects: 3.660000 ms  DeleteObjects: 0.028800 ms)

AssetImportParameters requested are different than current active one (requested -> active):
  custom:framework-win-MediaFoundation: 216162199b28c13a410421893ffa2e32 -> 
  custom:video-decoder-ogg-theora: a1e56fd34408186e4bbccfd4996cb3dc -> 
  custom:container-muxer-webm: aa71ff27fc2769a1b78a27578f13a17b -> 
  custom:container-demuxer-webm: 4f35f7cbe854078d1ac9338744f61a02 -> 
  custom:container-demuxer-ogg: 62fdf1f143b41e24485cea50d1cbac27 -> 
  custom:video-encoder-webm-vp8: eb34c28f22e8b96e1ab97ce403110664 -> 
  custom:video-codec-MediaFoundation-h265: 746d11721c4dcdbdad8f713fa42b33f4 -> 
  custom:video-decoder-webm-vp8: 9c59270c3fd7afecdb556c50c9e8de78 -> 
  custom:audio-decoder-ogg-vorbis: bf7c407c2cedff20999df2af8eb42d56 -> 
  custom:audio-encoder-webm-vorbis: bf7c407c2cedff20999df2af8eb42d56 -> 
========================================================================
Received Prepare
Registering precompiled user dll's ...
Registered in 0.007735 seconds.
Begin MonoManager ReloadAssembly
Native extension for WindowsStandalone target not found
Refreshing native plugins compatible for Editor in 0.32 ms, found 2 plugins.
Preloading 0 native plugins for Editor in 0.00 ms.
Mono: successfully reloaded assembly
- Completed reload, in  1.377 seconds
Domain Reload Profiling:
	ReloadAssembly (1377ms)
		BeginReloadAssembly (174ms)
			ExecutionOrderSort (0ms)
			DisableScriptedObjects (6ms)
			BackupInstance (0ms)
			ReleaseScriptingObjects (0ms)
			CreateAndSetChildDomain (43ms)
		EndReloadAssembly (1096ms)
			LoadAssemblies (149ms)
			RebuildTransferFunctionScriptingTraits (0ms)
			SetupTypeCache (359ms)
			ReleaseScriptCaches (1ms)
			RebuildScriptCaches (65ms)
			SetupLoadedEditorAssemblies (396ms)
				LogAssemblyErrors (0ms)
				InitializePlatformSupportModulesInManaged (8ms)
				SetLoadedEditorAssemblies (1ms)
				RefreshPlugins (0ms)
				BeforeProcessingInitializeOnLoad (116ms)
				ProcessInitializeOnLoadAttributes (249ms)
				ProcessInitializeOnLoadMethodAttributes (5ms)
				AfterProcessingInitializeOnLoad (17ms)
				EditorAssembliesLoaded (0ms)
			ExecutionOrderSort2 (0ms)
			AwakeInstancesAfterBackupRestoration (8ms)
Platform modules already initialized, skipping
Refreshing native plugins compatible for Editor in 0.37 ms, found 2 plugins.
Preloading 0 native plugins for Editor in 0.00 ms.
Unloading 1393 Unused Serialized files (Serialized files now loaded: 0)
System memory in use before: 65.8 MB.
System memory in use after: 65.9 MB.

Unloading 11 unused Assets to reduce memory usage. Loaded Objects now: 1853.
Total: 3.388900 ms (FindLiveObjects: 0.172400 ms CreateObjectMapping: 0.071800 ms MarkObjects: 3.117500 ms  DeleteObjects: 0.025900 ms)

AssetImportParameters requested are different than current active one (requested -> active):
  custom:framework-win-MediaFoundation: 216162199b28c13a410421893ffa2e32 -> 
  custom:video-decoder-ogg-theora: a1e56fd34408186e4bbccfd4996cb3dc -> 
  custom:container-muxer-webm: aa71ff27fc2769a1b78a27578f13a17b -> 
  custom:container-demuxer-webm: 4f35f7cbe854078d1ac9338744f61a02 -> 
  custom:container-demuxer-ogg: 62fdf1f143b41e24485cea50d1cbac27 -> 
  custom:video-encoder-webm-vp8: eb34c28f22e8b96e1ab97ce403110664 -> 
  custom:video-codec-MediaFoundation-h265: 746d11721c4dcdbdad8f713fa42b33f4 -> 
  custom:video-decoder-webm-vp8: 9c59270c3fd7afecdb556c50c9e8de78 -> 
  custom:audio-decoder-ogg-vorbis: bf7c407c2cedff20999df2af8eb42d56 -> 
  custom:audio-encoder-webm-vorbis: bf7c407c2cedff20999df2af8eb42d56 -> 
========================================================================
Received Prepare
Registering precompiled user dll's ...
Registered in 0.092120 seconds.
Begin MonoManager ReloadAssembly
Native extension for WindowsStandalone target not found
Refreshing native plugins compatible for Editor in 0.34 ms, found 2 plugins.
Preloading 0 native plugins for Editor in 0.00 ms.
Mono: successfully reloaded assembly
- Completed reload, in  1.582 seconds
Domain Reload Profiling:
	ReloadAssembly (1583ms)
		BeginReloadAssembly (183ms)
			ExecutionOrderSort (0ms)
			DisableScriptedObjects (7ms)
			BackupInstance (0ms)
			ReleaseScriptingObjects (0ms)
			CreateAndSetChildDomain (42ms)
		EndReloadAssembly (1291ms)
			LoadAssemblies (198ms)
			RebuildTransferFunctionScriptingTraits (0ms)
			SetupTypeCache (427ms)
			ReleaseScriptCaches (1ms)
			RebuildScriptCaches (59ms)
			SetupLoadedEditorAssemblies (454ms)
				LogAssemblyErrors (0ms)
				InitializePlatformSupportModulesInManaged (6ms)
				SetLoadedEditorAssemblies (1ms)
				RefreshPlugins (0ms)
				BeforeProcessingInitializeOnLoad (141ms)
				ProcessInitializeOnLoadAttributes (282ms)
				ProcessInitializeOnLoadMethodAttributes (5ms)
				AfterProcessingInitializeOnLoad (18ms)
				EditorAssembliesLoaded (0ms)
			ExecutionOrderSort2 (0ms)
			AwakeInstancesAfterBackupRestoration (14ms)
Platform modules already initialized, skipping
Refreshing native plugins compatible for Editor in 0.34 ms, found 2 plugins.
Preloading 0 native plugins for Editor in 0.00 ms.
Unloading 1393 Unused Serialized files (Serialized files now loaded: 0)
System memory in use before: 65.8 MB.
System memory in use after: 65.9 MB.

Unloading 11 unused Assets to reduce memory usage. Loaded Objects now: 1855.
Total: 3.192200 ms (FindLiveObjects: 0.162700 ms CreateObjectMapping: 0.058300 ms MarkObjects: 2.950600 ms  DeleteObjects: 0.018900 ms)

AssetImportParameters requested are different than current active one (requested -> active):
  custom:framework-win-MediaFoundation: 216162199b28c13a410421893ffa2e32 -> 
  custom:video-decoder-ogg-theora: a1e56fd34408186e4bbccfd4996cb3dc -> 
  custom:container-muxer-webm: aa71ff27fc2769a1b78a27578f13a17b -> 
  custom:container-demuxer-webm: 4f35f7cbe854078d1ac9338744f61a02 -> 
  custom:container-demuxer-ogg: 62fdf1f143b41e24485cea50d1cbac27 -> 
  custom:video-encoder-webm-vp8: eb34c28f22e8b96e1ab97ce403110664 -> 
  custom:video-codec-MediaFoundation-h265: 746d11721c4dcdbdad8f713fa42b33f4 -> 
  custom:video-decoder-webm-vp8: 9c59270c3fd7afecdb556c50c9e8de78 -> 
  custom:audio-decoder-ogg-vorbis: bf7c407c2cedff20999df2af8eb42d56 -> 
  custom:audio-encoder-webm-vorbis: bf7c407c2cedff20999df2af8eb42d56 -> 
========================================================================
Received Import Request.
  Time since last request: 728.895334 seconds.
  path: Assets/Textures/palette.png
  artifactKey: Guid(48125b014c555d445bdfff7c9b27713f) Importer(815301076,1909f56bfc062723c751e8b465ee728b)
Start importing Assets/Textures/palette.png using Guid(48125b014c555d445bdfff7c9b27713f) Importer(815301076,1909f56bfc062723c751e8b465ee728b)  -> (artifact id: 'df1b874ff7437aafa2603f6be540e79f') in 0.211692 seconds 
  Import took 0.217050 seconds .

========================================================================
Received Import Request.
  Time since last request: 40.976833 seconds.
  path: Assets/Textures/Dot.png
  artifactKey: Guid(4adb5e2552f0b774e83766d92bdd3b9b) Importer(815301076,1909f56bfc062723c751e8b465ee728b)
Start importing Assets/Textures/Dot.png using Guid(4adb5e2552f0b774e83766d92bdd3b9b) Importer(815301076,1909f56bfc062723c751e8b465ee728b)  -> (artifact id: '9e40d51d5cd3e4109acb29e49b571ecb') in 0.022673 seconds 
  Import took 0.026870 seconds .

========================================================================
Received Import Request.
  Time since last request: 947.764831 seconds.
  path: Assets/Textures/palette.prefab
  artifactKey: Guid(2cbbeff08af4a14428215c98ee5b9676) Importer(815301076,1909f56bfc062723c751e8b465ee728b)
Start importing Assets/Textures/palette.prefab using Guid(2cbbeff08af4a14428215c98ee5b9676) Importer(815301076,1909f56bfc062723c751e8b465ee728b)  -> (artifact id: '562e9385c7931f4e5a139b0489db57a2') in 0.138646 seconds 
  Import took 0.144100 seconds .

========================================================================
Received Import Request.
  Time since last request: 17.279254 seconds.
  path: Assets/Textures/Lime dot.prefab
  artifactKey: Guid(cd59b4e9e2a13a8409dc8046b2e1e0c2) Importer(815301076,1909f56bfc062723c751e8b465ee728b)
Start importing Assets/Textures/Lime dot.prefab using Guid(cd59b4e9e2a13a8409dc8046b2e1e0c2) Importer(815301076,1909f56bfc062723c751e8b465ee728b)  -> (artifact id: 'df46acdd01b01aab24be483ba60e3007') in 0.030804 seconds 
  Import took 0.036273 seconds .

========================================================================
Received Import Request.
  Time since last request: 3.342542 seconds.
  path: Assets/Textures/Cherry dot.prefab
  artifactKey: Guid(5adefacc9d6342d4294d266457b37893) Importer(815301076,1909f56bfc062723c751e8b465ee728b)
Start importing Assets/Textures/Cherry dot.prefab using Guid(5adefacc9d6342d4294d266457b37893) Importer(815301076,1909f56bfc062723c751e8b465ee728b)  -> (artifact id: 'c7a2d423916343e3298fc4da0e8f42d2') in 0.020516 seconds 
  Import took 0.029453 seconds .

========================================================================
Received Import Request.
  Time since last request: 1.727188 seconds.
  path: Assets/Textures/green dot.prefab
  artifactKey: Guid(ad55ab9c81a7eff49a16059a57f19e67) Importer(815301076,1909f56bfc062723c751e8b465ee728b)
Start importing Assets/Textures/green dot.prefab using Guid(ad55ab9c81a7eff49a16059a57f19e67) Importer(815301076,1909f56bfc062723c751e8b465ee728b)  -> (artifact id: '7581290feb2a383e8c3148cff29339d3') in 0.022614 seconds 
  Import took 0.029188 seconds .

========================================================================
Received Import Request.
  Time since last request: 1.814971 seconds.
  path: Assets/Textures/babyblue dot.prefab
  artifactKey: Guid(aff70abe6b0ac28429a2dfb6e6bfac89) Importer(815301076,1909f56bfc062723c751e8b465ee728b)
Start importing Assets/Textures/babyblue dot.prefab using Guid(aff70abe6b0ac28429a2dfb6e6bfac89) Importer(815301076,1909f56bfc062723c751e8b465ee728b)  -> (artifact id: '961c3ce1f758dd1a41678dcaf6b9bca2') in 0.023856 seconds 
  Import took 0.043351 seconds .

========================================================================
Received Import Request.
  Time since last request: 1.841886 seconds.
  path: Assets/Textures/babypink dot.prefab
  artifactKey: Guid(6dc8e5cd6b0b108469dcc37d97c82118) Importer(815301076,1909f56bfc062723c751e8b465ee728b)
Start importing Assets/Textures/babypink dot.prefab using Guid(6dc8e5cd6b0b108469dcc37d97c82118) Importer(815301076,1909f56bfc062723c751e8b465ee728b)  -> (artifact id: 'eca74207469b275f9c67f396805fc368') in 0.020692 seconds 
  Import took 0.026578 seconds .

========================================================================
Received Import Request.
  Time since last request: 1.861612 seconds.
  path: Assets/Textures/Salmon dot.prefab
  artifactKey: Guid(5c6df2ab9291fd24fa38c784e1cb0290) Importer(815301076,1909f56bfc062723c751e8b465ee728b)
Start importing Assets/Textures/Salmon dot.prefab using Guid(5c6df2ab9291fd24fa38c784e1cb0290) Importer(815301076,1909f56bfc062723c751e8b465ee728b)  -> (artifact id: '45aed90bed950dc9d74b7e4e4885bd21') in 0.054584 seconds 
  Import took 0.059283 seconds .

========================================================================
Received Import Request.
  Time since last request: 1.642538 seconds.
  path: Assets/Textures/Blue dot.prefab
  artifactKey: Guid(7fd2aab7ef2016c44918dc1acd125c83) Importer(815301076,1909f56bfc062723c751e8b465ee728b)
Start importing Assets/Textures/Blue dot.prefab using Guid(7fd2aab7ef2016c44918dc1acd125c83) Importer(815301076,1909f56bfc062723c751e8b465ee728b)  -> (artifact id: '474462537d379a0a8c7df169a08d0bcb') in 0.023756 seconds 
  Import took 0.030225 seconds .

========================================================================
Received Import Request.
  Time since last request: 2.276906 seconds.
  path: Assets/Textures/Navy dot.prefab
  artifactKey: Guid(f88651dd49963a34680735aabd7e4b94) Importer(815301076,1909f56bfc062723c751e8b465ee728b)
Start importing Assets/Textures/Navy dot.prefab using Guid(f88651dd49963a34680735aabd7e4b94) Importer(815301076,1909f56bfc062723c751e8b465ee728b)  -> (artifact id: '2e5f2004da588e2ed35e3f4342e49d0e') in 0.039451 seconds 
  Import took 0.047352 seconds .

========================================================================
Received Import Request.
  Time since last request: 62.728095 seconds.
  path: Assets/Textures/Babypink dot.prefab
  artifactKey: Guid(6dc8e5cd6b0b108469dcc37d97c82118) Importer(815301076,1909f56bfc062723c751e8b465ee728b)
Start importing Assets/Textures/Babypink dot.prefab using Guid(6dc8e5cd6b0b108469dcc37d97c82118) Importer(815301076,1909f56bfc062723c751e8b465ee728b)  -> (artifact id: '8b0bde23387833fe597ffc71f737edc9') in 0.023411 seconds 
  Import took 0.031689 seconds .

========================================================================
Received Import Request.
  Time since last request: 14.024071 seconds.
  path: Assets/Textures/Babyblue dot.prefab
  artifactKey: Guid(aff70abe6b0ac28429a2dfb6e6bfac89) Importer(815301076,1909f56bfc062723c751e8b465ee728b)
Start importing Assets/Textures/Babyblue dot.prefab using Guid(aff70abe6b0ac28429a2dfb6e6bfac89) Importer(815301076,1909f56bfc062723c751e8b465ee728b)  -> (artifact id: 'ff96d107369baaf05e54d8d571e40bdb') in 0.054519 seconds 
  Import took 0.068117 seconds .

========================================================================
Received Import Request.
  Time since last request: 12.862962 seconds.
  path: Assets/Textures/xdot.png
  artifactKey: Guid(4adb5e2552f0b774e83766d92bdd3b9b) Importer(815301076,1909f56bfc062723c751e8b465ee728b)
Start importing Assets/Textures/xdot.png using Guid(4adb5e2552f0b774e83766d92bdd3b9b) Importer(815301076,1909f56bfc062723c751e8b465ee728b)  -> (artifact id: 'b6158d6b0fb0bb51b45c902b2b8a0054') in 0.035966 seconds 
  Import took 0.040582 seconds .

========================================================================
Received Prepare
Registering precompiled user dll's ...
Registered in 0.007660 seconds.
Begin MonoManager ReloadAssembly
Native extension for WindowsStandalone target not found
Refreshing native plugins compatible for Editor in 0.41 ms, found 2 plugins.
Preloading 0 native plugins for Editor in 0.00 ms.
Mono: successfully reloaded assembly
- Completed reload, in  1.616 seconds
Domain Reload Profiling:
	ReloadAssembly (1617ms)
		BeginReloadAssembly (171ms)
			ExecutionOrderSort (0ms)
			DisableScriptedObjects (7ms)
			BackupInstance (0ms)
			ReleaseScriptingObjects (0ms)
			CreateAndSetChildDomain (45ms)
		EndReloadAssembly (1332ms)
			LoadAssemblies (141ms)
			RebuildTransferFunctionScriptingTraits (0ms)
			SetupTypeCache (383ms)
			ReleaseScriptCaches (1ms)
			RebuildScriptCaches (53ms)
			SetupLoadedEditorAssemblies (617ms)
				LogAssemblyErrors (0ms)
				InitializePlatformSupportModulesInManaged (6ms)
				SetLoadedEditorAssemblies (1ms)
				RefreshPlugins (1ms)
				BeforeProcessingInitializeOnLoad (120ms)
				ProcessInitializeOnLoadAttributes (462ms)
				ProcessInitializeOnLoadMethodAttributes (8ms)
				AfterProcessingInitializeOnLoad (19ms)
				EditorAssembliesLoaded (0ms)
			ExecutionOrderSort2 (0ms)
			AwakeInstancesAfterBackupRestoration (10ms)
Platform modules already initialized, skipping
Refreshing native plugins compatible for Editor in 0.34 ms, found 2 plugins.
Preloading 0 native plugins for Editor in 0.00 ms.
Unloading 1393 Unused Serialized files (Serialized files now loaded: 0)
System memory in use before: 68.9 MB.
System memory in use after: 69.1 MB.

Unloading 11 unused Assets to reduce memory usage. Loaded Objects now: 1868.
Total: 3.520300 ms (FindLiveObjects: 0.159100 ms CreateObjectMapping: 0.048900 ms MarkObjects: 3.261100 ms  DeleteObjects: 0.049600 ms)

AssetImportParameters requested are different than current active one (requested -> active):
  custom:framework-win-MediaFoundation: 216162199b28c13a410421893ffa2e32 -> 
  custom:video-decoder-ogg-theora: a1e56fd34408186e4bbccfd4996cb3dc -> 
  custom:container-muxer-webm: aa71ff27fc2769a1b78a27578f13a17b -> 
  custom:container-demuxer-webm: 4f35f7cbe854078d1ac9338744f61a02 -> 
  custom:container-demuxer-ogg: 62fdf1f143b41e24485cea50d1cbac27 -> 
  custom:video-encoder-webm-vp8: eb34c28f22e8b96e1ab97ce403110664 -> 
  custom:video-codec-MediaFoundation-h265: 746d11721c4dcdbdad8f713fa42b33f4 -> 
  custom:video-decoder-webm-vp8: 9c59270c3fd7afecdb556c50c9e8de78 -> 
  custom:audio-decoder-ogg-vorbis: bf7c407c2cedff20999df2af8eb42d56 -> 
  custom:audio-encoder-webm-vorbis: bf7c407c2cedff20999df2af8eb42d56 -> 
========================================================================
Received Prepare
Registering precompiled user dll's ...
Registered in 0.006725 seconds.
Begin MonoManager ReloadAssembly
Native extension for WindowsStandalone target not found
Refreshing native plugins compatible for Editor in 0.46 ms, found 2 plugins.
Preloading 0 native plugins for Editor in 0.00 ms.
Mono: successfully reloaded assembly
- Completed reload, in  1.349 seconds
Domain Reload Profiling:
	ReloadAssembly (1350ms)
		BeginReloadAssembly (171ms)
			ExecutionOrderSort (0ms)
			DisableScriptedObjects (8ms)
			BackupInstance (0ms)
			ReleaseScriptingObjects (0ms)
			CreateAndSetChildDomain (48ms)
		EndReloadAssembly (1081ms)
			LoadAssemblies (139ms)
			RebuildTransferFunctionScriptingTraits (0ms)
			SetupTypeCache (348ms)
			ReleaseScriptCaches (1ms)
			RebuildScriptCaches (52ms)
			SetupLoadedEditorAssemblies (415ms)
				LogAssemblyErrors (0ms)
				InitializePlatformSupportModulesInManaged (10ms)
				SetLoadedEditorAssemblies (1ms)
				RefreshPlugins (1ms)
				BeforeProcessingInitializeOnLoad (110ms)
				ProcessInitializeOnLoadAttributes (268ms)
				ProcessInitializeOnLoadMethodAttributes (6ms)
				AfterProcessingInitializeOnLoad (18ms)
				EditorAssembliesLoaded (0ms)
			ExecutionOrderSort2 (0ms)
			AwakeInstancesAfterBackupRestoration (9ms)
Platform modules already initialized, skipping
Refreshing native plugins compatible for Editor in 0.34 ms, found 2 plugins.
Preloading 0 native plugins for Editor in 0.00 ms.
Unloading 1393 Unused Serialized files (Serialized files now loaded: 0)
System memory in use before: 69.0 MB.
System memory in use after: 69.1 MB.

Unloading 11 unused Assets to reduce memory usage. Loaded Objects now: 1870.
Total: 4.515300 ms (FindLiveObjects: 0.287900 ms CreateObjectMapping: 0.125800 ms MarkObjects: 4.046900 ms  DeleteObjects: 0.053700 ms)

AssetImportParameters requested are different than current active one (requested -> active):
  custom:framework-win-MediaFoundation: 216162199b28c13a410421893ffa2e32 -> 
  custom:video-decoder-ogg-theora: a1e56fd34408186e4bbccfd4996cb3dc -> 
  custom:container-muxer-webm: aa71ff27fc2769a1b78a27578f13a17b -> 
  custom:container-demuxer-webm: 4f35f7cbe854078d1ac9338744f61a02 -> 
  custom:container-demuxer-ogg: 62fdf1f143b41e24485cea50d1cbac27 -> 
  custom:video-encoder-webm-vp8: eb34c28f22e8b96e1ab97ce403110664 -> 
  custom:video-codec-MediaFoundation-h265: 746d11721c4dcdbdad8f713fa42b33f4 -> 
  custom:video-decoder-webm-vp8: 9c59270c3fd7afecdb556c50c9e8de78 -> 
  custom:audio-decoder-ogg-vorbis: bf7c407c2cedff20999df2af8eb42d56 -> 
  custom:audio-encoder-webm-vorbis: bf7c407c2cedff20999df2af8eb42d56 -> 
========================================================================
Received Import Request.
  Time since last request: 609.947747 seconds.
  path: Assets/Prefabs/Tile.prefab
  artifactKey: Guid(2881a2101f98b02469faf52e8e685343) Importer(815301076,1909f56bfc062723c751e8b465ee728b)
Start importing Assets/Prefabs/Tile.prefab using Guid(2881a2101f98b02469faf52e8e685343) Importer(815301076,1909f56bfc062723c751e8b465ee728b)  -> (artifact id: '6706efad9fa2ba61de49264dd3b932f5') in 0.102837 seconds 
  Import took 0.107499 seconds .

========================================================================
Received Prepare
Registering precompiled user dll's ...
Registered in 0.006527 seconds.
Begin MonoManager ReloadAssembly
Native extension for WindowsStandalone target not found
Refreshing native plugins compatible for Editor in 0.37 ms, found 2 plugins.
Preloading 0 native plugins for Editor in 0.00 ms.
Mono: successfully reloaded assembly
- Completed reload, in  1.405 seconds
Domain Reload Profiling:
	ReloadAssembly (1405ms)
		BeginReloadAssembly (163ms)
			ExecutionOrderSort (0ms)
			DisableScriptedObjects (6ms)
			BackupInstance (0ms)
			ReleaseScriptingObjects (0ms)
			CreateAndSetChildDomain (37ms)
		EndReloadAssembly (1116ms)
			LoadAssemblies (146ms)
			RebuildTransferFunctionScriptingTraits (0ms)
			SetupTypeCache (376ms)
			ReleaseScriptCaches (1ms)
			RebuildScriptCaches (57ms)
			SetupLoadedEditorAssemblies (396ms)
				LogAssemblyErrors (0ms)
				InitializePlatformSupportModulesInManaged (8ms)
				SetLoadedEditorAssemblies (1ms)
				RefreshPlugins (0ms)
				BeforeProcessingInitializeOnLoad (108ms)
				ProcessInitializeOnLoadAttributes (256ms)
				ProcessInitializeOnLoadMethodAttributes (6ms)
				AfterProcessingInitializeOnLoad (17ms)
				EditorAssembliesLoaded (0ms)
			ExecutionOrderSort2 (0ms)
			AwakeInstancesAfterBackupRestoration (9ms)
Platform modules already initialized, skipping
Refreshing native plugins compatible for Editor in 0.38 ms, found 2 plugins.
Preloading 0 native plugins for Editor in 0.00 ms.
Unloading 1393 Unused Serialized files (Serialized files now loaded: 0)
System memory in use before: 69.0 MB.
System memory in use after: 69.1 MB.

Unloading 11 unused Assets to reduce memory usage. Loaded Objects now: 1873.
Total: 4.774700 ms (FindLiveObjects: 0.291800 ms CreateObjectMapping: 0.073800 ms MarkObjects: 4.369900 ms  DeleteObjects: 0.037900 ms)

AssetImportParameters requested are different than current active one (requested -> active):
  custom:framework-win-MediaFoundation: 216162199b28c13a410421893ffa2e32 -> 
  custom:video-decoder-ogg-theora: a1e56fd34408186e4bbccfd4996cb3dc -> 
  custom:container-muxer-webm: aa71ff27fc2769a1b78a27578f13a17b -> 
  custom:container-demuxer-webm: 4f35f7cbe854078d1ac9338744f61a02 -> 
  custom:container-demuxer-ogg: 62fdf1f143b41e24485cea50d1cbac27 -> 
  custom:video-encoder-webm-vp8: eb34c28f22e8b96e1ab97ce403110664 -> 
  custom:video-codec-MediaFoundation-h265: 746d11721c4dcdbdad8f713fa42b33f4 -> 
  custom:video-decoder-webm-vp8: 9c59270c3fd7afecdb556c50c9e8de78 -> 
  custom:audio-decoder-ogg-vorbis: bf7c407c2cedff20999df2af8eb42d56 -> 
  custom:audio-encoder-webm-vorbis: bf7c407c2cedff20999df2af8eb42d56 -> 
========================================================================
Received Import Request.
  Time since last request: 484.695389 seconds.
  path: Assets/Prefabs/Tile.prefab
  artifactKey: Guid(2881a2101f98b02469faf52e8e685343) Importer(815301076,1909f56bfc062723c751e8b465ee728b)
Start importing Assets/Prefabs/Tile.prefab using Guid(2881a2101f98b02469faf52e8e685343) Importer(815301076,1909f56bfc062723c751e8b465ee728b)  -> (artifact id: '7841731056e4c93f03bc8ee2f64f8be3') in 0.102894 seconds 
  Import took 0.108689 seconds .

========================================================================
Received Import Request.
  Time since last request: 343.365487 seconds.
  path: Assets/Prefabs/Background Tile.prefab
  artifactKey: Guid(2881a2101f98b02469faf52e8e685343) Importer(815301076,1909f56bfc062723c751e8b465ee728b)
Start importing Assets/Prefabs/Background Tile.prefab using Guid(2881a2101f98b02469faf52e8e685343) Importer(815301076,1909f56bfc062723c751e8b465ee728b)  -> (artifact id: '115176f2fdfedec4de4cc93defec740b') in 0.018223 seconds 
  Import took 0.022270 seconds .

========================================================================
Received Import Request.
  Time since last request: 13.786129 seconds.
  path: Assets/Prefabs/Background Tile.prefab
  artifactKey: Guid(2881a2101f98b02469faf52e8e685343) Importer(815301076,1909f56bfc062723c751e8b465ee728b)
Start importing Assets/Prefabs/Background Tile.prefab using Guid(2881a2101f98b02469faf52e8e685343) Importer(815301076,1909f56bfc062723c751e8b465ee728b)  -> (artifact id: 'f397e48fb5e17d41255d66c65c59ed19') in 0.021555 seconds 
  Import took 0.026194 seconds .

========================================================================
Received Import Request.
  Time since last request: 7.870584 seconds.
  path: Assets/Prefabs/Background Tile.prefab
  artifactKey: Guid(2881a2101f98b02469faf52e8e685343) Importer(815301076,1909f56bfc062723c751e8b465ee728b)
Start importing Assets/Prefabs/Background Tile.prefab using Guid(2881a2101f98b02469faf52e8e685343) Importer(815301076,1909f56bfc062723c751e8b465ee728b)  -> (artifact id: '0d5f8441f85e228d1ac6b7a0c5473bbd') in 0.020739 seconds 
  Import took 0.026197 seconds .

========================================================================
Received Prepare
Registering precompiled user dll's ...
Registered in 0.019339 seconds.
Begin MonoManager ReloadAssembly
Native extension for WindowsStandalone target not found
Refreshing native plugins compatible for Editor in 1.03 ms, found 2 plugins.
Preloading 0 native plugins for Editor in 0.00 ms.
Mono: successfully reloaded assembly
- Completed reload, in  1.441 seconds
Domain Reload Profiling:
	ReloadAssembly (1442ms)
		BeginReloadAssembly (165ms)
			ExecutionOrderSort (0ms)
			DisableScriptedObjects (7ms)
			BackupInstance (0ms)
			ReleaseScriptingObjects (0ms)
			CreateAndSetChildDomain (44ms)
		EndReloadAssembly (1164ms)
			LoadAssemblies (152ms)
			RebuildTransferFunctionScriptingTraits (0ms)
			SetupTypeCache (397ms)
			ReleaseScriptCaches (1ms)
			RebuildScriptCaches (49ms)
			SetupLoadedEditorAssemblies (397ms)
				LogAssemblyErrors (0ms)
				InitializePlatformSupportModulesInManaged (7ms)
				SetLoadedEditorAssemblies (1ms)
				RefreshPlugins (1ms)
				BeforeProcessingInitializeOnLoad (114ms)
				ProcessInitializeOnLoadAttributes (251ms)
				ProcessInitializeOnLoadMethodAttributes (5ms)
				AfterProcessingInitializeOnLoad (18ms)
				EditorAssembliesLoaded (0ms)
			ExecutionOrderSort2 (0ms)
			AwakeInstancesAfterBackupRestoration (13ms)
Platform modules already initialized, skipping
Refreshing native plugins compatible for Editor in 0.37 ms, found 2 plugins.
Preloading 0 native plugins for Editor in 0.00 ms.
Unloading 1393 Unused Serialized files (Serialized files now loaded: 0)
System memory in use before: 69.0 MB.
System memory in use after: 69.1 MB.

Unloading 11 unused Assets to reduce memory usage. Loaded Objects now: 1876.
Total: 4.351100 ms (FindLiveObjects: 0.259400 ms CreateObjectMapping: 0.105500 ms MarkObjects: 3.963700 ms  DeleteObjects: 0.021000 ms)

AssetImportParameters requested are different than current active one (requested -> active):
  custom:framework-win-MediaFoundation: 216162199b28c13a410421893ffa2e32 -> 
  custom:video-decoder-ogg-theora: a1e56fd34408186e4bbccfd4996cb3dc -> 
  custom:container-muxer-webm: aa71ff27fc2769a1b78a27578f13a17b -> 
  custom:container-demuxer-webm: 4f35f7cbe854078d1ac9338744f61a02 -> 
  custom:container-demuxer-ogg: 62fdf1f143b41e24485cea50d1cbac27 -> 
  custom:video-encoder-webm-vp8: eb34c28f22e8b96e1ab97ce403110664 -> 
  custom:video-codec-MediaFoundation-h265: 746d11721c4dcdbdad8f713fa42b33f4 -> 
  custom:video-decoder-webm-vp8: 9c59270c3fd7afecdb556c50c9e8de78 -> 
  custom:audio-decoder-ogg-vorbis: bf7c407c2cedff20999df2af8eb42d56 -> 
  custom:audio-encoder-webm-vorbis: bf7c407c2cedff20999df2af8eb42d56 -> 
========================================================================
Received Import Request.
  Time since last request: 51.770281 seconds.
  path: Assets/Prefabs/Background Tile.prefab
  artifactKey: Guid(2881a2101f98b02469faf52e8e685343) Importer(815301076,1909f56bfc062723c751e8b465ee728b)
Start importing Assets/Prefabs/Background Tile.prefab using Guid(2881a2101f98b02469faf52e8e685343) Importer(815301076,1909f56bfc062723c751e8b465ee728b)  -> (artifact id: '0ebfdc42f1bdd85052d5e57045d2d4b4') in 0.103511 seconds 
  Import took 0.107309 seconds .

========================================================================
Received Import Request.
  Time since last request: 18.231436 seconds.
  path: Assets/Prefabs/Background Tile.prefab
  artifactKey: Guid(2881a2101f98b02469faf52e8e685343) Importer(815301076,1909f56bfc062723c751e8b465ee728b)
Start importing Assets/Prefabs/Background Tile.prefab using Guid(2881a2101f98b02469faf52e8e685343) Importer(815301076,1909f56bfc062723c751e8b465ee728b)  -> (artifact id: 'aa227e5d9f6e3e006070bd7e5aeb6cef') in 0.031475 seconds 
  Import took 0.037609 seconds .

========================================================================
Received Prepare
Registering precompiled user dll's ...
Registered in 0.007922 seconds.
Begin MonoManager ReloadAssembly
Native extension for WindowsStandalone target not found
Refreshing native plugins compatible for Editor in 0.90 ms, found 2 plugins.
Preloading 0 native plugins for Editor in 0.00 ms.
Mono: successfully reloaded assembly
- Completed reload, in  1.349 seconds
Domain Reload Profiling:
	ReloadAssembly (1350ms)
		BeginReloadAssembly (166ms)
			ExecutionOrderSort (0ms)
			DisableScriptedObjects (7ms)
			BackupInstance (0ms)
			ReleaseScriptingObjects (0ms)
			CreateAndSetChildDomain (39ms)
		EndReloadAssembly (1087ms)
			LoadAssemblies (126ms)
			RebuildTransferFunctionScriptingTraits (0ms)
			SetupTypeCache (359ms)
			ReleaseScriptCaches (1ms)
			RebuildScriptCaches (50ms)
			SetupLoadedEditorAssemblies (413ms)
				LogAssemblyErrors (0ms)
				InitializePlatformSupportModulesInManaged (6ms)
				SetLoadedEditorAssemblies (1ms)
				RefreshPlugins (1ms)
				BeforeProcessingInitializeOnLoad (120ms)
				ProcessInitializeOnLoadAttributes (262ms)
				ProcessInitializeOnLoadMethodAttributes (5ms)
				AfterProcessingInitializeOnLoad (17ms)
				EditorAssembliesLoaded (0ms)
			ExecutionOrderSort2 (0ms)
			AwakeInstancesAfterBackupRestoration (9ms)
Platform modules already initialized, skipping
Refreshing native plugins compatible for Editor in 0.45 ms, found 2 plugins.
Preloading 0 native plugins for Editor in 0.00 ms.
Unloading 1393 Unused Serialized files (Serialized files now loaded: 0)
System memory in use before: 69.0 MB.
System memory in use after: 69.1 MB.

Unloading 11 unused Assets to reduce memory usage. Loaded Objects now: 1879.
Total: 3.997300 ms (FindLiveObjects: 0.200100 ms CreateObjectMapping: 0.111300 ms MarkObjects: 3.664700 ms  DeleteObjects: 0.019800 ms)

AssetImportParameters requested are different than current active one (requested -> active):
  custom:framework-win-MediaFoundation: 216162199b28c13a410421893ffa2e32 -> 
  custom:video-decoder-ogg-theora: a1e56fd34408186e4bbccfd4996cb3dc -> 
  custom:container-muxer-webm: aa71ff27fc2769a1b78a27578f13a17b -> 
  custom:container-demuxer-webm: 4f35f7cbe854078d1ac9338744f61a02 -> 
  custom:container-demuxer-ogg: 62fdf1f143b41e24485cea50d1cbac27 -> 
  custom:video-encoder-webm-vp8: eb34c28f22e8b96e1ab97ce403110664 -> 
  custom:video-codec-MediaFoundation-h265: 746d11721c4dcdbdad8f713fa42b33f4 -> 
  custom:video-decoder-webm-vp8: 9c59270c3fd7afecdb556c50c9e8de78 -> 
  custom:audio-decoder-ogg-vorbis: bf7c407c2cedff20999df2af8eb42d56 -> 
  custom:audio-encoder-webm-vorbis: bf7c407c2cedff20999df2af8eb42d56 -> 
========================================================================
Received Import Request.
  Time since last request: 169.628095 seconds.
  path: Assets/Prefabs/Background Tile.prefab
  artifactKey: Guid(2881a2101f98b02469faf52e8e685343) Importer(815301076,1909f56bfc062723c751e8b465ee728b)
Start importing Assets/Prefabs/Background Tile.prefab using Guid(2881a2101f98b02469faf52e8e685343) Importer(815301076,1909f56bfc062723c751e8b465ee728b)  -> (artifact id: 'be76838833673db963337cb36a2ea574') in 0.100660 seconds 
  Import took 0.105301 seconds .

